
> frontend@1.0.0 lint
> eslint . --ext .ts,.tsx,.js,.jsx --fix


Oops! Something went wrong! :(

ESLint: 8.57.1

Error: Cannot find module '/Users/ishanlahiru/Documents/work-with-darshana/safe-wave/node_modules/json-schema-traverse/index.js'. Please verify that the package.json has a valid "main" entry
    at tryPackage (node:internal/modules/cjs/loader:444:19)
    at Module._findPath (node:internal/modules/cjs/loader:715:18)
    at Module._resolveFilename (node:internal/modules/cjs/loader:1130:27)
    at Module._load (node:internal/modules/cjs/loader:985:27)
    at Module.require (node:internal/modules/cjs/loader:1235:19)
    at require (node:internal/modules/helpers:176:18)
    at Object.<anonymous> (/Users/ishanlahiru/Documents/work-with-darshana/safe-wave/node_modules/ajv/lib/compile/resolve.js:7:16)
    at Module._compile (node:internal/modules/cjs/loader:1376:14)
    at Module._extensions..js (node:internal/modules/cjs/loader:1435:10)
    at Module.load (node:internal/modules/cjs/loader:1207:32)
[37;40mnpm[0m [0m[31;40mERR![0m [0m[35mLifecycle script `lint` failed with error:[0m 
[0m[37;40mnpm[0m [0m[31;40mERR![0m [0m[35mError: command failed[0m 
[0m[37;40mnpm[0m [0m[31;40mERR![0m [0m[35m  in workspace: frontend@1.0.0[0m 
[0m[37;40mnpm[0m [0m[31;40mERR![0m [0m[35m  at location: /Users/ishanlahiru/Documents/work-with-darshana/safe-wave/apps/frontend[0m 
[0m
